{"/Users/rahulkpkurup/Learning/Git-Portfolio/Projects/TaskFlow/server/controllers/taskController.js": {"path":"/Users/rahulkpkurup/Learning/Git-Portfolio/Projects/TaskFlow/server/controllers/taskController.js","statementMap":{"0":{"start":{"line":7,"column":19},"end":{"line":52,"column":2}},"1":{"start":{"line":8,"column":21},"end":{"line":8,"column":29}},"2":{"start":{"line":10,"column":4},"end":{"line":10,"column":12}},"3":{"start":{"line":12,"column":2},"end":{"line":16,"column":3}},"4":{"start":{"line":13,"column":4},"end":{"line":15,"column":67}},"5":{"start":{"line":18,"column":13},"end":{"line":18,"column":48}},"6":{"start":{"line":19,"column":2},"end":{"line":21,"column":3}},"7":{"start":{"line":20,"column":4},"end":{"line":20,"column":46}},"8":{"start":{"line":22,"column":2},"end":{"line":22,"column":80}},"9":{"start":{"line":24,"column":19},"end":{"line":24,"column":67}},"10":{"start":{"line":25,"column":19},"end":{"line":25,"column":69}},"11":{"start":{"line":25,"column":55},"end":{"line":25,"column":63}},"12":{"start":{"line":27,"column":15},"end":{"line":37,"column":4}},"13":{"start":{"line":39,"column":2},"end":{"line":39,"column":54}},"14":{"start":{"line":42,"column":2},"end":{"line":47,"column":3}},"15":{"start":{"line":43,"column":4},"end":{"line":46,"column":6}},"16":{"start":{"line":49,"column":2},"end":{"line":51,"column":73}},"17":{"start":{"line":55,"column":22},"end":{"line":93,"column":2}},"18":{"start":{"line":56,"column":17},"end":{"line":56,"column":27}},"19":{"start":{"line":57,"column":21},"end":{"line":57,"column":29}},"20":{"start":{"line":59,"column":15},"end":{"line":59,"column":38}},"21":{"start":{"line":61,"column":2},"end":{"line":65,"column":3}},"22":{"start":{"line":62,"column":4},"end":{"line":64,"column":59}},"23":{"start":{"line":67,"column":13},"end":{"line":67,"column":48}},"24":{"start":{"line":68,"column":2},"end":{"line":70,"column":3}},"25":{"start":{"line":69,"column":4},"end":{"line":69,"column":51}},"26":{"start":{"line":71,"column":2},"end":{"line":71,"column":90}},"27":{"start":{"line":73,"column":19},"end":{"line":73,"column":67}},"28":{"start":{"line":75,"column":18},"end":{"line":86,"column":4}},"29":{"start":{"line":88,"column":2},"end":{"line":88,"column":71}},"30":{"start":{"line":90,"column":2},"end":{"line":92,"column":70}},"31":{"start":{"line":96,"column":19},"end":{"line":125,"column":2}},"32":{"start":{"line":97,"column":17},"end":{"line":97,"column":27}},"33":{"start":{"line":99,"column":4},"end":{"line":99,"column":12}},"34":{"start":{"line":101,"column":15},"end":{"line":101,"column":38}},"35":{"start":{"line":103,"column":2},"end":{"line":105,"column":3}},"36":{"start":{"line":104,"column":4},"end":{"line":104,"column":79}},"37":{"start":{"line":107,"column":19},"end":{"line":109,"column":16}},"38":{"start":{"line":108,"column":34},"end":{"line":108,"column":42}},"39":{"start":{"line":111,"column":2},"end":{"line":111,"column":35}},"40":{"start":{"line":112,"column":2},"end":{"line":112,"column":32}},"41":{"start":{"line":113,"column":2},"end":{"line":113,"column":59}},"42":{"start":{"line":114,"column":2},"end":{"line":114,"column":38}},"43":{"start":{"line":115,"column":2},"end":{"line":115,"column":50}},"44":{"start":{"line":116,"column":2},"end":{"line":116,"column":32}},"45":{"start":{"line":117,"column":2},"end":{"line":117,"column":24}},"46":{"start":{"line":118,"column":2},"end":{"line":118,"column":53}},"47":{"start":{"line":120,"column":2},"end":{"line":120,"column":20}},"48":{"start":{"line":122,"column":2},"end":{"line":124,"column":67}},"49":{"start":{"line":128,"column":24},"end":{"line":144,"column":2}},"50":{"start":{"line":129,"column":17},"end":{"line":129,"column":27}},"51":{"start":{"line":130,"column":20},"end":{"line":130,"column":28}},"52":{"start":{"line":132,"column":15},"end":{"line":132,"column":38}},"53":{"start":{"line":134,"column":2},"end":{"line":136,"column":3}},"54":{"start":{"line":135,"column":4},"end":{"line":135,"column":79}},"55":{"start":{"line":138,"column":2},"end":{"line":138,"column":35}},"56":{"start":{"line":139,"column":2},"end":{"line":139,"column":20}},"57":{"start":{"line":141,"column":2},"end":{"line":143,"column":73}},"58":{"start":{"line":147,"column":27},"end":{"line":169,"column":2}},"59":{"start":{"line":148,"column":32},"end":{"line":148,"column":42}},"60":{"start":{"line":149,"column":21},"end":{"line":149,"column":29}},"61":{"start":{"line":151,"column":18},"end":{"line":155,"column":3}},"62":{"start":{"line":157,"column":2},"end":{"line":161,"column":3}},"63":{"start":{"line":158,"column":4},"end":{"line":160,"column":70}},"64":{"start":{"line":163,"column":2},"end":{"line":168,"column":5}},"65":{"start":{"line":172,"column":22},"end":{"line":194,"column":2}},"66":{"start":{"line":173,"column":31},"end":{"line":173,"column":39}},"67":{"start":{"line":174,"column":17},"end":{"line":174,"column":27}},"68":{"start":{"line":176,"column":2},"end":{"line":180,"column":3}},"69":{"start":{"line":177,"column":4},"end":{"line":179,"column":70}},"70":{"start":{"line":182,"column":15},"end":{"line":182,"column":38}},"71":{"start":{"line":184,"column":2},"end":{"line":186,"column":3}},"72":{"start":{"line":185,"column":4},"end":{"line":185,"column":79}},"73":{"start":{"line":188,"column":2},"end":{"line":188,"column":63}},"74":{"start":{"line":189,"column":2},"end":{"line":189,"column":20}},"75":{"start":{"line":191,"column":2},"end":{"line":193,"column":68}},"76":{"start":{"line":197,"column":17},"end":{"line":222,"column":2}},"77":{"start":{"line":198,"column":30},"end":{"line":198,"column":38}},"78":{"start":{"line":199,"column":39},"end":{"line":199,"column":48}},"79":{"start":{"line":201,"column":14},"end":{"line":201,"column":49}},"80":{"start":{"line":203,"column":2},"end":{"line":205,"column":3}},"81":{"start":{"line":204,"column":4},"end":{"line":204,"column":36}},"82":{"start":{"line":206,"column":2},"end":{"line":208,"column":3}},"83":{"start":{"line":207,"column":4},"end":{"line":207,"column":24}},"84":{"start":{"line":209,"column":2},"end":{"line":215,"column":3}},"85":{"start":{"line":210,"column":4},"end":{"line":214,"column":6}},"86":{"start":{"line":217,"column":16},"end":{"line":219,"column":22}},"87":{"start":{"line":221,"column":2},"end":{"line":221,"column":48}},"88":{"start":{"line":225,"column":16},"end":{"line":237,"column":2}},"89":{"start":{"line":226,"column":17},"end":{"line":226,"column":27}},"90":{"start":{"line":228,"column":15},"end":{"line":230,"column":56}},"91":{"start":{"line":232,"column":2},"end":{"line":234,"column":3}},"92":{"start":{"line":233,"column":4},"end":{"line":233,"column":79}},"93":{"start":{"line":236,"column":2},"end":{"line":236,"column":47}},"94":{"start":{"line":240,"column":25},"end":{"line":257,"column":2}},"95":{"start":{"line":241,"column":17},"end":{"line":241,"column":27}},"96":{"start":{"line":242,"column":21},"end":{"line":242,"column":29}},"97":{"start":{"line":243,"column":29},"end":{"line":243,"column":37}},"98":{"start":{"line":245,"column":15},"end":{"line":245,"column":38}},"99":{"start":{"line":247,"column":2},"end":{"line":249,"column":3}},"100":{"start":{"line":248,"column":4},"end":{"line":248,"column":79}},"101":{"start":{"line":251,"column":2},"end":{"line":251,"column":55}},"102":{"start":{"line":252,"column":2},"end":{"line":252,"column":20}},"103":{"start":{"line":254,"column":2},"end":{"line":256,"column":70}},"104":{"start":{"line":260,"column":18},"end":{"line":275,"column":2}},"105":{"start":{"line":261,"column":17},"end":{"line":261,"column":27}},"106":{"start":{"line":263,"column":15},"end":{"line":263,"column":38}},"107":{"start":{"line":265,"column":2},"end":{"line":267,"column":3}},"108":{"start":{"line":266,"column":4},"end":{"line":266,"column":79}},"109":{"start":{"line":269,"column":2},"end":{"line":269,"column":24}},"110":{"start":{"line":270,"column":2},"end":{"line":270,"column":20}},"111":{"start":{"line":272,"column":2},"end":{"line":274,"column":74}},"112":{"start":{"line":278,"column":26},"end":{"line":302,"column":2}},"113":{"start":{"line":279,"column":17},"end":{"line":279,"column":27}},"114":{"start":{"line":280,"column":25},"end":{"line":280,"column":34}},"115":{"start":{"line":282,"column":23},"end":{"line":282,"column":71}},"116":{"start":{"line":283,"column":2},"end":{"line":287,"column":3}},"117":{"start":{"line":284,"column":4},"end":{"line":286,"column":64}},"118":{"start":{"line":289,"column":2},"end":{"line":297,"column":3}},"119":{"start":{"line":290,"column":4},"end":{"line":290,"column":37}},"120":{"start":{"line":291,"column":9},"end":{"line":297,"column":3}},"121":{"start":{"line":292,"column":4},"end":{"line":292,"column":47}},"122":{"start":{"line":293,"column":9},"end":{"line":297,"column":3}},"123":{"start":{"line":294,"column":4},"end":{"line":294,"column":59}},"124":{"start":{"line":295,"column":9},"end":{"line":297,"column":3}},"125":{"start":{"line":296,"column":4},"end":{"line":296,"column":79}},"126":{"start":{"line":299,"column":2},"end":{"line":301,"column":74}},"127":{"start":{"line":305,"column":28},"end":{"line":342,"column":2}},"128":{"start":{"line":306,"column":30},"end":{"line":306,"column":38}},"129":{"start":{"line":308,"column":21},"end":{"line":310,"column":52}},"130":{"start":{"line":312,"column":19},"end":{"line":314,"column":22}},"131":{"start":{"line":316,"column":16},"end":{"line":319,"column":22}},"132":{"start":{"line":321,"column":23},"end":{"line":324,"column":8}},"133":{"start":{"line":322,"column":4},"end":{"line":322,"column":55}},"134":{"start":{"line":323,"column":4},"end":{"line":323,"column":18}},"135":{"start":{"line":326,"column":20},"end":{"line":331,"column":45}},"136":{"start":{"line":328,"column":6},"end":{"line":328,"column":63}},"137":{"start":{"line":329,"column":6},"end":{"line":329,"column":20}},"138":{"start":{"line":331,"column":28},"end":{"line":331,"column":43}},"139":{"start":{"line":333,"column":2},"end":{"line":341,"column":5}}},"fnMap":{"0":{"name":"(anonymous_0)","decl":{"start":{"line":7,"column":32},"end":{"line":7,"column":33}},"loc":{"start":{"line":7,"column":52},"end":{"line":52,"column":1}},"line":7},"1":{"name":"(anonymous_1)","decl":{"start":{"line":25,"column":48},"end":{"line":25,"column":49}},"loc":{"start":{"line":25,"column":55},"end":{"line":25,"column":63}},"line":25},"2":{"name":"(anonymous_2)","decl":{"start":{"line":55,"column":35},"end":{"line":55,"column":36}},"loc":{"start":{"line":55,"column":55},"end":{"line":93,"column":1}},"line":55},"3":{"name":"(anonymous_3)","decl":{"start":{"line":96,"column":32},"end":{"line":96,"column":33}},"loc":{"start":{"line":96,"column":52},"end":{"line":125,"column":1}},"line":96},"4":{"name":"(anonymous_4)","decl":{"start":{"line":108,"column":27},"end":{"line":108,"column":28}},"loc":{"start":{"line":108,"column":34},"end":{"line":108,"column":42}},"line":108},"5":{"name":"(anonymous_5)","decl":{"start":{"line":128,"column":37},"end":{"line":128,"column":38}},"loc":{"start":{"line":128,"column":57},"end":{"line":144,"column":1}},"line":128},"6":{"name":"(anonymous_6)","decl":{"start":{"line":147,"column":40},"end":{"line":147,"column":41}},"loc":{"start":{"line":147,"column":60},"end":{"line":169,"column":1}},"line":147},"7":{"name":"(anonymous_7)","decl":{"start":{"line":172,"column":35},"end":{"line":172,"column":36}},"loc":{"start":{"line":172,"column":55},"end":{"line":194,"column":1}},"line":172},"8":{"name":"(anonymous_8)","decl":{"start":{"line":197,"column":30},"end":{"line":197,"column":31}},"loc":{"start":{"line":197,"column":50},"end":{"line":222,"column":1}},"line":197},"9":{"name":"(anonymous_9)","decl":{"start":{"line":225,"column":29},"end":{"line":225,"column":30}},"loc":{"start":{"line":225,"column":49},"end":{"line":237,"column":1}},"line":225},"10":{"name":"(anonymous_10)","decl":{"start":{"line":240,"column":38},"end":{"line":240,"column":39}},"loc":{"start":{"line":240,"column":58},"end":{"line":257,"column":1}},"line":240},"11":{"name":"(anonymous_11)","decl":{"start":{"line":260,"column":31},"end":{"line":260,"column":32}},"loc":{"start":{"line":260,"column":51},"end":{"line":275,"column":1}},"line":260},"12":{"name":"(anonymous_12)","decl":{"start":{"line":278,"column":39},"end":{"line":278,"column":40}},"loc":{"start":{"line":278,"column":59},"end":{"line":302,"column":1}},"line":278},"13":{"name":"(anonymous_13)","decl":{"start":{"line":305,"column":41},"end":{"line":305,"column":42}},"loc":{"start":{"line":305,"column":61},"end":{"line":342,"column":1}},"line":305},"14":{"name":"(anonymous_14)","decl":{"start":{"line":321,"column":39},"end":{"line":321,"column":40}},"loc":{"start":{"line":321,"column":57},"end":{"line":324,"column":3}},"line":321},"15":{"name":"(anonymous_15)","decl":{"start":{"line":327,"column":20},"end":{"line":327,"column":21}},"loc":{"start":{"line":327,"column":38},"end":{"line":330,"column":5}},"line":327},"16":{"name":"(anonymous_16)","decl":{"start":{"line":331,"column":8},"end":{"line":331,"column":9}},"loc":{"start":{"line":331,"column":28},"end":{"line":331,"column":43}},"line":331}},"branchMap":{"0":{"loc":{"start":{"line":12,"column":2},"end":{"line":16,"column":3}},"type":"if","locations":[{"start":{"line":12,"column":2},"end":{"line":16,"column":3}},{"start":{},"end":{}}],"line":12},"1":{"loc":{"start":{"line":19,"column":2},"end":{"line":21,"column":3}},"type":"if","locations":[{"start":{"line":19,"column":2},"end":{"line":21,"column":3}},{"start":{},"end":{}}],"line":19},"2":{"loc":{"start":{"line":25,"column":19},"end":{"line":25,"column":69}},"type":"cond-expr","locations":[{"start":{"line":25,"column":27},"end":{"line":25,"column":64}},{"start":{"line":25,"column":67},"end":{"line":25,"column":69}}],"line":25},"3":{"loc":{"start":{"line":30,"column":11},"end":{"line":30,"column":41}},"type":"binary-expr","locations":[{"start":{"line":30,"column":11},"end":{"line":30,"column":31}},{"start":{"line":30,"column":35},"end":{"line":30,"column":41}}],"line":30},"4":{"loc":{"start":{"line":32,"column":14},"end":{"line":32,"column":49}},"type":"binary-expr","locations":[{"start":{"line":32,"column":14},"end":{"line":32,"column":37}},{"start":{"line":32,"column":41},"end":{"line":32,"column":49}}],"line":32},"5":{"loc":{"start":{"line":33,"column":12},"end":{"line":33,"column":24}},"type":"binary-expr","locations":[{"start":{"line":33,"column":12},"end":{"line":33,"column":18}},{"start":{"line":33,"column":22},"end":{"line":33,"column":24}}],"line":33},"6":{"loc":{"start":{"line":36,"column":17},"end":{"line":36,"column":34}},"type":"binary-expr","locations":[{"start":{"line":36,"column":17},"end":{"line":36,"column":28}},{"start":{"line":36,"column":32},"end":{"line":36,"column":34}}],"line":36},"7":{"loc":{"start":{"line":42,"column":2},"end":{"line":47,"column":3}},"type":"if","locations":[{"start":{"line":42,"column":2},"end":{"line":47,"column":3}},{"start":{},"end":{}}],"line":42},"8":{"loc":{"start":{"line":61,"column":2},"end":{"line":65,"column":3}},"type":"if","locations":[{"start":{"line":61,"column":2},"end":{"line":65,"column":3}},{"start":{},"end":{}}],"line":61},"9":{"loc":{"start":{"line":68,"column":2},"end":{"line":70,"column":3}},"type":"if","locations":[{"start":{"line":68,"column":2},"end":{"line":70,"column":3}},{"start":{},"end":{}}],"line":68},"10":{"loc":{"start":{"line":103,"column":2},"end":{"line":105,"column":3}},"type":"if","locations":[{"start":{"line":103,"column":2},"end":{"line":105,"column":3}},{"start":{},"end":{}}],"line":103},"11":{"loc":{"start":{"line":107,"column":19},"end":{"line":109,"column":16}},"type":"cond-expr","locations":[{"start":{"line":108,"column":6},"end":{"line":108,"column":43}},{"start":{"line":109,"column":6},"end":{"line":109,"column":16}}],"line":107},"12":{"loc":{"start":{"line":111,"column":15},"end":{"line":111,"column":34}},"type":"binary-expr","locations":[{"start":{"line":111,"column":15},"end":{"line":111,"column":20}},{"start":{"line":111,"column":24},"end":{"line":111,"column":34}}],"line":111},"13":{"loc":{"start":{"line":112,"column":14},"end":{"line":112,"column":31}},"type":"binary-expr","locations":[{"start":{"line":112,"column":14},"end":{"line":112,"column":18}},{"start":{"line":112,"column":22},"end":{"line":112,"column":31}}],"line":112},"14":{"loc":{"start":{"line":113,"column":18},"end":{"line":113,"column":58}},"type":"binary-expr","locations":[{"start":{"line":113,"column":18},"end":{"line":113,"column":41}},{"start":{"line":113,"column":45},"end":{"line":113,"column":58}}],"line":113},"15":{"loc":{"start":{"line":114,"column":16},"end":{"line":114,"column":37}},"type":"binary-expr","locations":[{"start":{"line":114,"column":16},"end":{"line":114,"column":22}},{"start":{"line":114,"column":26},"end":{"line":114,"column":37}}],"line":114},"16":{"loc":{"start":{"line":115,"column":15},"end":{"line":115,"column":49}},"type":"binary-expr","locations":[{"start":{"line":115,"column":15},"end":{"line":115,"column":35}},{"start":{"line":115,"column":39},"end":{"line":115,"column":49}}],"line":115},"17":{"loc":{"start":{"line":116,"column":14},"end":{"line":116,"column":31}},"type":"binary-expr","locations":[{"start":{"line":116,"column":14},"end":{"line":116,"column":18}},{"start":{"line":116,"column":22},"end":{"line":116,"column":31}}],"line":116},"18":{"loc":{"start":{"line":118,"column":21},"end":{"line":118,"column":52}},"type":"binary-expr","locations":[{"start":{"line":118,"column":21},"end":{"line":118,"column":32}},{"start":{"line":118,"column":36},"end":{"line":118,"column":52}}],"line":118},"19":{"loc":{"start":{"line":134,"column":2},"end":{"line":136,"column":3}},"type":"if","locations":[{"start":{"line":134,"column":2},"end":{"line":136,"column":3}},{"start":{},"end":{}}],"line":134},"20":{"loc":{"start":{"line":157,"column":2},"end":{"line":161,"column":3}},"type":"if","locations":[{"start":{"line":157,"column":2},"end":{"line":161,"column":3}},{"start":{},"end":{}}],"line":157},"21":{"loc":{"start":{"line":165,"column":13},"end":{"line":167,"column":39}},"type":"cond-expr","locations":[{"start":{"line":166,"column":8},"end":{"line":166,"column":38}},{"start":{"line":167,"column":8},"end":{"line":167,"column":39}}],"line":165},"22":{"loc":{"start":{"line":176,"column":2},"end":{"line":180,"column":3}},"type":"if","locations":[{"start":{"line":176,"column":2},"end":{"line":180,"column":3}},{"start":{},"end":{}}],"line":176},"23":{"loc":{"start":{"line":184,"column":2},"end":{"line":186,"column":3}},"type":"if","locations":[{"start":{"line":184,"column":2},"end":{"line":186,"column":3}},{"start":{},"end":{}}],"line":184},"24":{"loc":{"start":{"line":203,"column":2},"end":{"line":205,"column":3}},"type":"if","locations":[{"start":{"line":203,"column":2},"end":{"line":205,"column":3}},{"start":{},"end":{}}],"line":203},"25":{"loc":{"start":{"line":206,"column":2},"end":{"line":208,"column":3}},"type":"if","locations":[{"start":{"line":206,"column":2},"end":{"line":208,"column":3}},{"start":{},"end":{}}],"line":206},"26":{"loc":{"start":{"line":209,"column":2},"end":{"line":215,"column":3}},"type":"if","locations":[{"start":{"line":209,"column":2},"end":{"line":215,"column":3}},{"start":{},"end":{}}],"line":209},"27":{"loc":{"start":{"line":232,"column":2},"end":{"line":234,"column":3}},"type":"if","locations":[{"start":{"line":232,"column":2},"end":{"line":234,"column":3}},{"start":{},"end":{}}],"line":232},"28":{"loc":{"start":{"line":247,"column":2},"end":{"line":249,"column":3}},"type":"if","locations":[{"start":{"line":247,"column":2},"end":{"line":249,"column":3}},{"start":{},"end":{}}],"line":247},"29":{"loc":{"start":{"line":265,"column":2},"end":{"line":267,"column":3}},"type":"if","locations":[{"start":{"line":265,"column":2},"end":{"line":267,"column":3}},{"start":{},"end":{}}],"line":265},"30":{"loc":{"start":{"line":283,"column":2},"end":{"line":287,"column":3}},"type":"if","locations":[{"start":{"line":283,"column":2},"end":{"line":287,"column":3}},{"start":{},"end":{}}],"line":283},"31":{"loc":{"start":{"line":289,"column":2},"end":{"line":297,"column":3}},"type":"if","locations":[{"start":{"line":289,"column":2},"end":{"line":297,"column":3}},{"start":{"line":291,"column":9},"end":{"line":297,"column":3}}],"line":289},"32":{"loc":{"start":{"line":291,"column":9},"end":{"line":297,"column":3}},"type":"if","locations":[{"start":{"line":291,"column":9},"end":{"line":297,"column":3}},{"start":{"line":293,"column":9},"end":{"line":297,"column":3}}],"line":291},"33":{"loc":{"start":{"line":293,"column":9},"end":{"line":297,"column":3}},"type":"if","locations":[{"start":{"line":293,"column":9},"end":{"line":297,"column":3}},{"start":{"line":295,"column":9},"end":{"line":297,"column":3}}],"line":293},"34":{"loc":{"start":{"line":295,"column":9},"end":{"line":297,"column":3}},"type":"if","locations":[{"start":{"line":295,"column":9},"end":{"line":297,"column":3}},{"start":{},"end":{}}],"line":295},"35":{"loc":{"start":{"line":308,"column":21},"end":{"line":310,"column":52}},"type":"cond-expr","locations":[{"start":{"line":309,"column":6},"end":{"line":309,"column":26}},{"start":{"line":310,"column":6},"end":{"line":310,"column":52}}],"line":308},"36":{"loc":{"start":{"line":322,"column":26},"end":{"line":322,"column":49}},"type":"binary-expr","locations":[{"start":{"line":322,"column":26},"end":{"line":322,"column":44}},{"start":{"line":322,"column":48},"end":{"line":322,"column":49}}],"line":322},"37":{"loc":{"start":{"line":328,"column":31},"end":{"line":328,"column":57}},"type":"binary-expr","locations":[{"start":{"line":328,"column":31},"end":{"line":328,"column":52}},{"start":{"line":328,"column":56},"end":{"line":328,"column":57}}],"line":328},"38":{"loc":{"start":{"line":337,"column":11},"end":{"line":337,"column":31}},"type":"cond-expr","locations":[{"start":{"line":337,"column":21},"end":{"line":337,"column":26}},{"start":{"line":337,"column":29},"end":{"line":337,"column":31}}],"line":337}},"s":{"0":2,"1":1,"2":1,"3":1,"4":0,"5":1,"6":1,"7":0,"8":1,"9":1,"10":1,"11":0,"12":1,"13":1,"14":1,"15":0,"16":1,"17":2,"18":0,"19":0,"20":0,"21":0,"22":0,"23":0,"24":0,"25":0,"26":0,"27":0,"28":0,"29":0,"30":0,"31":2,"32":1,"33":1,"34":1,"35":1,"36":0,"37":1,"38":0,"39":1,"40":1,"41":1,"42":1,"43":1,"44":1,"45":1,"46":1,"47":1,"48":1,"49":2,"50":1,"51":1,"52":1,"53":1,"54":0,"55":1,"56":1,"57":1,"58":2,"59":0,"60":0,"61":0,"62":0,"63":0,"64":0,"65":2,"66":1,"67":1,"68":1,"69":0,"70":1,"71":1,"72":0,"73":1,"74":1,"75":1,"76":2,"77":1,"78":1,"79":1,"80":1,"81":0,"82":1,"83":0,"84":1,"85":0,"86":1,"87":1,"88":2,"89":1,"90":1,"91":1,"92":0,"93":1,"94":2,"95":1,"96":1,"97":1,"98":1,"99":1,"100":0,"101":1,"102":1,"103":1,"104":2,"105":2,"106":2,"107":2,"108":0,"109":2,"110":2,"111":2,"112":2,"113":2,"114":2,"115":2,"116":2,"117":0,"118":2,"119":1,"120":1,"121":0,"122":1,"123":1,"124":0,"125":0,"126":2,"127":2,"128":1,"129":1,"130":1,"131":1,"132":1,"133":0,"134":0,"135":1,"136":0,"137":0,"138":0,"139":1},"f":{"0":1,"1":0,"2":0,"3":1,"4":0,"5":1,"6":0,"7":1,"8":1,"9":1,"10":1,"11":2,"12":2,"13":1,"14":0,"15":0,"16":0},"b":{"0":[0,1],"1":[0,1],"2":[0,1],"3":[1,0],"4":[1,0],"5":[1,1],"6":[1,0],"7":[0,1],"8":[0,0],"9":[0,0],"10":[0,1],"11":[0,1],"12":[1,0],"13":[1,0],"14":[1,0],"15":[1,1],"16":[1,0],"17":[1,0],"18":[1,0],"19":[0,1],"20":[0,0],"21":[0,0],"22":[0,1],"23":[0,1],"24":[0,1],"25":[0,1],"26":[0,1],"27":[0,1],"28":[0,1],"29":[0,2],"30":[0,2],"31":[1,1],"32":[0,1],"33":[1,0],"34":[0,0],"35":[1,0],"36":[0,0],"37":[0,0],"38":[1,0]},"inputSourceMap":null,"_coverageSchema":"1a1c01bbd47fc00a2c39e90264f33305004495a9","hash":"41fa6b811dc3d82ff4f446c6ae953bf68c64f580"}
,"/Users/rahulkpkurup/Learning/Git-Portfolio/Projects/TaskFlow/server/controllers/userController.js": {"path":"/Users/rahulkpkurup/Learning/Git-Portfolio/Projects/TaskFlow/server/controllers/userController.js","statementMap":{"0":{"start":{"line":7,"column":18},"end":{"line":43,"column":2}},"1":{"start":{"line":8,"column":30},"end":{"line":8,"column":38}},"2":{"start":{"line":10,"column":2},"end":{"line":14,"column":3}},"3":{"start":{"line":11,"column":4},"end":{"line":13,"column":76}},"4":{"start":{"line":16,"column":15},"end":{"line":16,"column":65}},"5":{"start":{"line":18,"column":2},"end":{"line":22,"column":3}},"6":{"start":{"line":19,"column":4},"end":{"line":21,"column":70}},"7":{"start":{"line":24,"column":2},"end":{"line":29,"column":3}},"8":{"start":{"line":25,"column":4},"end":{"line":28,"column":7}},"9":{"start":{"line":31,"column":18},"end":{"line":31,"column":52}},"10":{"start":{"line":33,"column":2},"end":{"line":37,"column":3}},"11":{"start":{"line":34,"column":4},"end":{"line":36,"column":70}},"12":{"start":{"line":39,"column":2},"end":{"line":39,"column":27}},"13":{"start":{"line":41,"column":2},"end":{"line":41,"column":28}},"14":{"start":{"line":42,"column":2},"end":{"line":42,"column":29}},"15":{"start":{"line":46,"column":21},"end":{"line":81,"column":2}},"16":{"start":{"line":47,"column":58},"end":{"line":47,"column":66}},"17":{"start":{"line":49,"column":2},"end":{"line":53,"column":3}},"18":{"start":{"line":50,"column":4},"end":{"line":52,"column":68}},"19":{"start":{"line":55,"column":21},"end":{"line":55,"column":71}},"20":{"start":{"line":57,"column":2},"end":{"line":61,"column":3}},"21":{"start":{"line":58,"column":4},"end":{"line":60,"column":73}},"22":{"start":{"line":63,"column":15},"end":{"line":70,"column":4}},"23":{"start":{"line":72,"column":2},"end":{"line":80,"column":3}},"24":{"start":{"line":73,"column":4},"end":{"line":75,"column":5}},"25":{"start":{"line":74,"column":6},"end":{"line":74,"column":31}},"26":{"start":{"line":76,"column":4},"end":{"line":76,"column":30}},"27":{"start":{"line":77,"column":4},"end":{"line":77,"column":31}},"28":{"start":{"line":79,"column":4},"end":{"line":79,"column":75}},"29":{"start":{"line":84,"column":19},"end":{"line":90,"column":1}},"30":{"start":{"line":85,"column":2},"end":{"line":88,"column":5}},"31":{"start":{"line":89,"column":2},"end":{"line":89,"column":78}},"32":{"start":{"line":93,"column":20},"end":{"line":112,"column":2}},"33":{"start":{"line":94,"column":21},"end":{"line":94,"column":30}},"34":{"start":{"line":95,"column":14},"end":{"line":95,"column":16}},"35":{"start":{"line":97,"column":2},"end":{"line":106,"column":3}},"36":{"start":{"line":98,"column":4},"end":{"line":105,"column":6}},"37":{"start":{"line":108,"column":16},"end":{"line":110,"column":3}},"38":{"start":{"line":111,"column":2},"end":{"line":111,"column":30}},"39":{"start":{"line":115,"column":29},"end":{"line":126,"column":2}},"40":{"start":{"line":116,"column":21},"end":{"line":116,"column":29}},"41":{"start":{"line":118,"column":18},"end":{"line":123,"column":22}},"42":{"start":{"line":125,"column":2},"end":{"line":125,"column":32}},"43":{"start":{"line":129,"column":26},"end":{"line":135,"column":2}},"44":{"start":{"line":130,"column":16},"end":{"line":132,"column":22}},"45":{"start":{"line":134,"column":2},"end":{"line":134,"column":30}},"46":{"start":{"line":138,"column":29},"end":{"line":159,"column":2}},"47":{"start":{"line":139,"column":21},"end":{"line":139,"column":29}},"48":{"start":{"line":140,"column":29},"end":{"line":140,"column":38}},"49":{"start":{"line":142,"column":2},"end":{"line":156,"column":3}},"50":{"start":{"line":143,"column":4},"end":{"line":146,"column":6}},"51":{"start":{"line":147,"column":9},"end":{"line":156,"column":3}},"52":{"start":{"line":148,"column":4},"end":{"line":151,"column":6}},"53":{"start":{"line":153,"column":4},"end":{"line":155,"column":71}},"54":{"start":{"line":158,"column":2},"end":{"line":158,"column":83}},"55":{"start":{"line":162,"column":26},"end":{"line":188,"column":2}},"56":{"start":{"line":163,"column":30},"end":{"line":163,"column":38}},"57":{"start":{"line":164,"column":18},"end":{"line":164,"column":26}},"58":{"start":{"line":168,"column":4},"end":{"line":168,"column":51}},"59":{"start":{"line":170,"column":15},"end":{"line":170,"column":44}},"60":{"start":{"line":172,"column":2},"end":{"line":174,"column":3}},"61":{"start":{"line":173,"column":4},"end":{"line":173,"column":79}},"62":{"start":{"line":176,"column":2},"end":{"line":176,"column":41}},"63":{"start":{"line":177,"column":2},"end":{"line":177,"column":44}},"64":{"start":{"line":178,"column":2},"end":{"line":178,"column":41}},"65":{"start":{"line":180,"column":22},"end":{"line":180,"column":39}},"66":{"start":{"line":181,"column":2},"end":{"line":181,"column":35}},"67":{"start":{"line":183,"column":2},"end":{"line":187,"column":5}},"68":{"start":{"line":191,"column":28},"end":{"line":207,"column":2}},"69":{"start":{"line":192,"column":17},"end":{"line":192,"column":27}},"70":{"start":{"line":194,"column":15},"end":{"line":194,"column":38}},"71":{"start":{"line":196,"column":2},"end":{"line":198,"column":3}},"72":{"start":{"line":197,"column":4},"end":{"line":197,"column":79}},"73":{"start":{"line":200,"column":2},"end":{"line":200,"column":36}},"74":{"start":{"line":201,"column":2},"end":{"line":201,"column":20}},"75":{"start":{"line":203,"column":2},"end":{"line":206,"column":5}},"76":{"start":{"line":210,"column":27},"end":{"line":234,"column":2}},"77":{"start":{"line":211,"column":21},"end":{"line":211,"column":29}},"78":{"start":{"line":212,"column":23},"end":{"line":212,"column":31}},"79":{"start":{"line":214,"column":2},"end":{"line":219,"column":3}},"80":{"start":{"line":215,"column":4},"end":{"line":218,"column":7}},"81":{"start":{"line":221,"column":15},"end":{"line":221,"column":42}},"82":{"start":{"line":223,"column":2},"end":{"line":225,"column":3}},"83":{"start":{"line":224,"column":4},"end":{"line":224,"column":79}},"84":{"start":{"line":227,"column":2},"end":{"line":227,"column":27}},"85":{"start":{"line":228,"column":2},"end":{"line":228,"column":20}},"86":{"start":{"line":230,"column":2},"end":{"line":233,"column":5}},"87":{"start":{"line":237,"column":26},"end":{"line":247,"column":2}},"88":{"start":{"line":238,"column":17},"end":{"line":238,"column":27}},"89":{"start":{"line":240,"column":15},"end":{"line":240,"column":47}},"90":{"start":{"line":242,"column":2},"end":{"line":244,"column":3}},"91":{"start":{"line":243,"column":4},"end":{"line":243,"column":79}},"92":{"start":{"line":246,"column":2},"end":{"line":246,"column":80}}},"fnMap":{"0":{"name":"(anonymous_0)","decl":{"start":{"line":7,"column":31},"end":{"line":7,"column":32}},"loc":{"start":{"line":7,"column":51},"end":{"line":43,"column":1}},"line":7},"1":{"name":"(anonymous_1)","decl":{"start":{"line":46,"column":34},"end":{"line":46,"column":35}},"loc":{"start":{"line":46,"column":54},"end":{"line":81,"column":1}},"line":46},"2":{"name":"(anonymous_2)","decl":{"start":{"line":84,"column":19},"end":{"line":84,"column":20}},"loc":{"start":{"line":84,"column":33},"end":{"line":90,"column":1}},"line":84},"3":{"name":"(anonymous_3)","decl":{"start":{"line":93,"column":33},"end":{"line":93,"column":34}},"loc":{"start":{"line":93,"column":53},"end":{"line":112,"column":1}},"line":93},"4":{"name":"(anonymous_4)","decl":{"start":{"line":115,"column":42},"end":{"line":115,"column":43}},"loc":{"start":{"line":115,"column":62},"end":{"line":126,"column":1}},"line":115},"5":{"name":"(anonymous_5)","decl":{"start":{"line":129,"column":39},"end":{"line":129,"column":40}},"loc":{"start":{"line":129,"column":59},"end":{"line":135,"column":1}},"line":129},"6":{"name":"(anonymous_6)","decl":{"start":{"line":138,"column":42},"end":{"line":138,"column":43}},"loc":{"start":{"line":138,"column":62},"end":{"line":159,"column":1}},"line":138},"7":{"name":"(anonymous_7)","decl":{"start":{"line":162,"column":39},"end":{"line":162,"column":40}},"loc":{"start":{"line":162,"column":59},"end":{"line":188,"column":1}},"line":162},"8":{"name":"(anonymous_8)","decl":{"start":{"line":191,"column":41},"end":{"line":191,"column":42}},"loc":{"start":{"line":191,"column":61},"end":{"line":207,"column":1}},"line":191},"9":{"name":"(anonymous_9)","decl":{"start":{"line":210,"column":40},"end":{"line":210,"column":41}},"loc":{"start":{"line":210,"column":60},"end":{"line":234,"column":1}},"line":210},"10":{"name":"(anonymous_10)","decl":{"start":{"line":237,"column":39},"end":{"line":237,"column":40}},"loc":{"start":{"line":237,"column":59},"end":{"line":247,"column":1}},"line":237}},"branchMap":{"0":{"loc":{"start":{"line":10,"column":2},"end":{"line":14,"column":3}},"type":"if","locations":[{"start":{"line":10,"column":2},"end":{"line":14,"column":3}},{"start":{},"end":{}}],"line":10},"1":{"loc":{"start":{"line":10,"column":6},"end":{"line":10,"column":25}},"type":"binary-expr","locations":[{"start":{"line":10,"column":6},"end":{"line":10,"column":12}},{"start":{"line":10,"column":16},"end":{"line":10,"column":25}}],"line":10},"2":{"loc":{"start":{"line":18,"column":2},"end":{"line":22,"column":3}},"type":"if","locations":[{"start":{"line":18,"column":2},"end":{"line":22,"column":3}},{"start":{},"end":{}}],"line":18},"3":{"loc":{"start":{"line":24,"column":2},"end":{"line":29,"column":3}},"type":"if","locations":[{"start":{"line":24,"column":2},"end":{"line":29,"column":3}},{"start":{},"end":{}}],"line":24},"4":{"loc":{"start":{"line":33,"column":2},"end":{"line":37,"column":3}},"type":"if","locations":[{"start":{"line":33,"column":2},"end":{"line":37,"column":3}},{"start":{},"end":{}}],"line":33},"5":{"loc":{"start":{"line":49,"column":2},"end":{"line":53,"column":3}},"type":"if","locations":[{"start":{"line":49,"column":2},"end":{"line":53,"column":3}},{"start":{},"end":{}}],"line":49},"6":{"loc":{"start":{"line":49,"column":6},"end":{"line":49,"column":53}},"type":"binary-expr","locations":[{"start":{"line":49,"column":6},"end":{"line":49,"column":11}},{"start":{"line":49,"column":15},"end":{"line":49,"column":21}},{"start":{"line":49,"column":25},"end":{"line":49,"column":34}},{"start":{"line":49,"column":38},"end":{"line":49,"column":43}},{"start":{"line":49,"column":47},"end":{"line":49,"column":53}}],"line":49},"7":{"loc":{"start":{"line":57,"column":2},"end":{"line":61,"column":3}},"type":"if","locations":[{"start":{"line":57,"column":2},"end":{"line":61,"column":3}},{"start":{},"end":{}}],"line":57},"8":{"loc":{"start":{"line":67,"column":13},"end":{"line":67,"column":29}},"type":"binary-expr","locations":[{"start":{"line":67,"column":13},"end":{"line":67,"column":20}},{"start":{"line":67,"column":24},"end":{"line":67,"column":29}}],"line":67},"9":{"loc":{"start":{"line":72,"column":2},"end":{"line":80,"column":3}},"type":"if","locations":[{"start":{"line":72,"column":2},"end":{"line":80,"column":3}},{"start":{"line":78,"column":9},"end":{"line":80,"column":3}}],"line":72},"10":{"loc":{"start":{"line":73,"column":4},"end":{"line":75,"column":5}},"type":"if","locations":[{"start":{"line":73,"column":4},"end":{"line":75,"column":5}},{"start":{},"end":{}}],"line":73},"11":{"loc":{"start":{"line":97,"column":2},"end":{"line":106,"column":3}},"type":"if","locations":[{"start":{"line":97,"column":2},"end":{"line":106,"column":3}},{"start":{},"end":{}}],"line":97},"12":{"loc":{"start":{"line":142,"column":2},"end":{"line":156,"column":3}},"type":"if","locations":[{"start":{"line":142,"column":2},"end":{"line":156,"column":3}},{"start":{"line":147,"column":9},"end":{"line":156,"column":3}}],"line":142},"13":{"loc":{"start":{"line":147,"column":9},"end":{"line":156,"column":3}},"type":"if","locations":[{"start":{"line":147,"column":9},"end":{"line":156,"column":3}},{"start":{"line":152,"column":9},"end":{"line":156,"column":3}}],"line":147},"14":{"loc":{"start":{"line":168,"column":4},"end":{"line":168,"column":51}},"type":"cond-expr","locations":[{"start":{"line":168,"column":39},"end":{"line":168,"column":42}},{"start":{"line":168,"column":45},"end":{"line":168,"column":51}}],"line":168},"15":{"loc":{"start":{"line":168,"column":4},"end":{"line":168,"column":36}},"type":"binary-expr","locations":[{"start":{"line":168,"column":4},"end":{"line":168,"column":11}},{"start":{"line":168,"column":15},"end":{"line":168,"column":18}},{"start":{"line":168,"column":22},"end":{"line":168,"column":36}}],"line":168},"16":{"loc":{"start":{"line":172,"column":2},"end":{"line":174,"column":3}},"type":"if","locations":[{"start":{"line":172,"column":2},"end":{"line":174,"column":3}},{"start":{},"end":{}}],"line":172},"17":{"loc":{"start":{"line":176,"column":14},"end":{"line":176,"column":40}},"type":"binary-expr","locations":[{"start":{"line":176,"column":14},"end":{"line":176,"column":27}},{"start":{"line":176,"column":31},"end":{"line":176,"column":40}}],"line":176},"18":{"loc":{"start":{"line":177,"column":15},"end":{"line":177,"column":43}},"type":"binary-expr","locations":[{"start":{"line":177,"column":15},"end":{"line":177,"column":29}},{"start":{"line":177,"column":33},"end":{"line":177,"column":43}}],"line":177},"19":{"loc":{"start":{"line":178,"column":14},"end":{"line":178,"column":40}},"type":"binary-expr","locations":[{"start":{"line":178,"column":14},"end":{"line":178,"column":27}},{"start":{"line":178,"column":31},"end":{"line":178,"column":40}}],"line":178},"20":{"loc":{"start":{"line":196,"column":2},"end":{"line":198,"column":3}},"type":"if","locations":[{"start":{"line":196,"column":2},"end":{"line":198,"column":3}},{"start":{},"end":{}}],"line":196},"21":{"loc":{"start":{"line":205,"column":38},"end":{"line":205,"column":81}},"type":"cond-expr","locations":[{"start":{"line":205,"column":54},"end":{"line":205,"column":65}},{"start":{"line":205,"column":68},"end":{"line":205,"column":81}}],"line":205},"22":{"loc":{"start":{"line":214,"column":2},"end":{"line":219,"column":3}},"type":"if","locations":[{"start":{"line":214,"column":2},"end":{"line":219,"column":3}},{"start":{},"end":{}}],"line":214},"23":{"loc":{"start":{"line":214,"column":6},"end":{"line":214,"column":38}},"type":"binary-expr","locations":[{"start":{"line":214,"column":6},"end":{"line":214,"column":15}},{"start":{"line":214,"column":19},"end":{"line":214,"column":38}}],"line":214},"24":{"loc":{"start":{"line":223,"column":2},"end":{"line":225,"column":3}},"type":"if","locations":[{"start":{"line":223,"column":2},"end":{"line":225,"column":3}},{"start":{},"end":{}}],"line":223},"25":{"loc":{"start":{"line":242,"column":2},"end":{"line":244,"column":3}},"type":"if","locations":[{"start":{"line":242,"column":2},"end":{"line":244,"column":3}},{"start":{},"end":{}}],"line":242}},"s":{"0":2,"1":5,"2":5,"3":0,"4":5,"5":5,"6":1,"7":4,"8":0,"9":4,"10":4,"11":1,"12":3,"13":3,"14":3,"15":2,"16":9,"17":9,"18":1,"19":8,"20":8,"21":1,"22":7,"23":7,"24":7,"25":5,"26":7,"27":7,"28":0,"29":2,"30":1,"31":1,"32":2,"33":0,"34":0,"35":0,"36":0,"37":0,"38":0,"39":2,"40":0,"41":0,"42":0,"43":2,"44":0,"45":0,"46":2,"47":0,"48":0,"49":0,"50":0,"51":0,"52":0,"53":0,"54":0,"55":2,"56":0,"57":0,"58":0,"59":0,"60":0,"61":0,"62":0,"63":0,"64":0,"65":0,"66":0,"67":0,"68":2,"69":0,"70":0,"71":0,"72":0,"73":0,"74":0,"75":0,"76":2,"77":0,"78":0,"79":0,"80":0,"81":0,"82":0,"83":0,"84":0,"85":0,"86":0,"87":2,"88":0,"89":0,"90":0,"91":0,"92":0},"f":{"0":5,"1":9,"2":1,"3":0,"4":0,"5":0,"6":0,"7":0,"8":0,"9":0,"10":0},"b":{"0":[0,5],"1":[5,5],"2":[1,4],"3":[0,4],"4":[1,3],"5":[1,8],"6":[9,9,8,8,8],"7":[1,7],"8":[7,2],"9":[7,0],"10":[5,2],"11":[0,0],"12":[0,0],"13":[0,0],"14":[0,0],"15":[0,0,0],"16":[0,0],"17":[0,0],"18":[0,0],"19":[0,0],"20":[0,0],"21":[0,0],"22":[0,0],"23":[0,0],"24":[0,0],"25":[0,0]},"inputSourceMap":null,"_coverageSchema":"1a1c01bbd47fc00a2c39e90264f33305004495a9","hash":"cf0c1662dfed660cc33a62c4d52307ac32b96d25"}
,"/Users/rahulkpkurup/Learning/Git-Portfolio/Projects/TaskFlow/server/middleware/authMiddleware.js": {"path":"/Users/rahulkpkurup/Learning/Git-Portfolio/Projects/TaskFlow/server/middleware/authMiddleware.js","statementMap":{"0":{"start":{"line":5,"column":21},"end":{"line":46,"column":2}},"1":{"start":{"line":6,"column":14},"end":{"line":6,"column":32}},"2":{"start":{"line":8,"column":2},"end":{"line":12,"column":3}},"3":{"start":{"line":9,"column":4},"end":{"line":11,"column":74}},"4":{"start":{"line":14,"column":2},"end":{"line":45,"column":3}},"5":{"start":{"line":15,"column":25},"end":{"line":15,"column":66}},"6":{"start":{"line":16,"column":17},"end":{"line":18,"column":5}},"7":{"start":{"line":20,"column":4},"end":{"line":24,"column":5}},"8":{"start":{"line":21,"column":6},"end":{"line":23,"column":61}},"9":{"start":{"line":26,"column":4},"end":{"line":31,"column":5}},"10":{"start":{"line":27,"column":6},"end":{"line":30,"column":9}},"11":{"start":{"line":33,"column":4},"end":{"line":37,"column":6}},"12":{"start":{"line":39,"column":4},"end":{"line":39,"column":11}},"13":{"start":{"line":41,"column":4},"end":{"line":44,"column":7}},"14":{"start":{"line":48,"column":21},"end":{"line":57,"column":1}},"15":{"start":{"line":49,"column":2},"end":{"line":56,"column":3}},"16":{"start":{"line":50,"column":4},"end":{"line":50,"column":11}},"17":{"start":{"line":52,"column":4},"end":{"line":55,"column":7}}},"fnMap":{"0":{"name":"(anonymous_0)","decl":{"start":{"line":5,"column":34},"end":{"line":5,"column":35}},"loc":{"start":{"line":5,"column":60},"end":{"line":46,"column":1}},"line":5},"1":{"name":"(anonymous_1)","decl":{"start":{"line":48,"column":21},"end":{"line":48,"column":22}},"loc":{"start":{"line":48,"column":41},"end":{"line":57,"column":1}},"line":48}},"branchMap":{"0":{"loc":{"start":{"line":8,"column":2},"end":{"line":12,"column":3}},"type":"if","locations":[{"start":{"line":8,"column":2},"end":{"line":12,"column":3}},{"start":{},"end":{}}],"line":8},"1":{"loc":{"start":{"line":20,"column":4},"end":{"line":24,"column":5}},"type":"if","locations":[{"start":{"line":20,"column":4},"end":{"line":24,"column":5}},{"start":{},"end":{}}],"line":20},"2":{"loc":{"start":{"line":26,"column":4},"end":{"line":31,"column":5}},"type":"if","locations":[{"start":{"line":26,"column":4},"end":{"line":31,"column":5}},{"start":{},"end":{}}],"line":26},"3":{"loc":{"start":{"line":49,"column":2},"end":{"line":56,"column":3}},"type":"if","locations":[{"start":{"line":49,"column":2},"end":{"line":56,"column":3}},{"start":{"line":51,"column":9},"end":{"line":56,"column":3}}],"line":49},"4":{"loc":{"start":{"line":49,"column":6},"end":{"line":49,"column":34}},"type":"binary-expr","locations":[{"start":{"line":49,"column":6},"end":{"line":49,"column":14}},{"start":{"line":49,"column":18},"end":{"line":49,"column":34}}],"line":49}},"s":{"0":2,"1":14,"2":14,"3":1,"4":13,"5":13,"6":13,"7":13,"8":0,"9":13,"10":0,"11":13,"12":13,"13":0,"14":2,"15":7,"16":6,"17":1},"f":{"0":14,"1":7},"b":{"0":[1,13],"1":[0,13],"2":[0,13],"3":[6,1],"4":[7,7]},"inputSourceMap":null,"_coverageSchema":"1a1c01bbd47fc00a2c39e90264f33305004495a9","hash":"57e386e438cc3bbb6eecc72e7fe0305ca5992658"}
,"/Users/rahulkpkurup/Learning/Git-Portfolio/Projects/TaskFlow/server/middleware/errorMiddleware.js": {"path":"/Users/rahulkpkurup/Learning/Git-Portfolio/Projects/TaskFlow/server/middleware/errorMiddleware.js","statementMap":{"0":{"start":{"line":1,"column":22},"end":{"line":5,"column":1}},"1":{"start":{"line":2,"column":16},"end":{"line":2,"column":64}},"2":{"start":{"line":3,"column":2},"end":{"line":3,"column":18}},"3":{"start":{"line":4,"column":2},"end":{"line":4,"column":14}},"4":{"start":{"line":7,"column":21},"end":{"line":36,"column":1}},"5":{"start":{"line":8,"column":19},"end":{"line":8,"column":64}},"6":{"start":{"line":9,"column":16},"end":{"line":9,"column":27}},"7":{"start":{"line":12,"column":2},"end":{"line":15,"column":3}},"8":{"start":{"line":13,"column":4},"end":{"line":13,"column":21}},"9":{"start":{"line":14,"column":4},"end":{"line":14,"column":35}},"10":{"start":{"line":18,"column":2},"end":{"line":21,"column":3}},"11":{"start":{"line":19,"column":4},"end":{"line":19,"column":21}},"12":{"start":{"line":20,"column":4},"end":{"line":20,"column":46}},"13":{"start":{"line":24,"column":2},"end":{"line":29,"column":3}},"14":{"start":{"line":25,"column":4},"end":{"line":25,"column":21}},"15":{"start":{"line":26,"column":4},"end":{"line":28,"column":18}},"16":{"start":{"line":27,"column":18},"end":{"line":27,"column":27}},"17":{"start":{"line":31,"column":2},"end":{"line":35,"column":5}}},"fnMap":{"0":{"name":"(anonymous_0)","decl":{"start":{"line":1,"column":22},"end":{"line":1,"column":23}},"loc":{"start":{"line":1,"column":42},"end":{"line":5,"column":1}},"line":1},"1":{"name":"(anonymous_1)","decl":{"start":{"line":7,"column":21},"end":{"line":7,"column":22}},"loc":{"start":{"line":7,"column":46},"end":{"line":36,"column":1}},"line":7},"2":{"name":"(anonymous_2)","decl":{"start":{"line":27,"column":11},"end":{"line":27,"column":12}},"loc":{"start":{"line":27,"column":18},"end":{"line":27,"column":27}},"line":27}},"branchMap":{"0":{"loc":{"start":{"line":8,"column":19},"end":{"line":8,"column":64}},"type":"cond-expr","locations":[{"start":{"line":8,"column":44},"end":{"line":8,"column":47}},{"start":{"line":8,"column":50},"end":{"line":8,"column":64}}],"line":8},"1":{"loc":{"start":{"line":12,"column":2},"end":{"line":15,"column":3}},"type":"if","locations":[{"start":{"line":12,"column":2},"end":{"line":15,"column":3}},{"start":{},"end":{}}],"line":12},"2":{"loc":{"start":{"line":12,"column":6},"end":{"line":12,"column":57}},"type":"binary-expr","locations":[{"start":{"line":12,"column":6},"end":{"line":12,"column":30}},{"start":{"line":12,"column":34},"end":{"line":12,"column":57}}],"line":12},"3":{"loc":{"start":{"line":18,"column":2},"end":{"line":21,"column":3}},"type":"if","locations":[{"start":{"line":18,"column":2},"end":{"line":21,"column":3}},{"start":{},"end":{}}],"line":18},"4":{"loc":{"start":{"line":24,"column":2},"end":{"line":29,"column":3}},"type":"if","locations":[{"start":{"line":24,"column":2},"end":{"line":29,"column":3}},{"start":{},"end":{}}],"line":24},"5":{"loc":{"start":{"line":34,"column":11},"end":{"line":34,"column":67}},"type":"cond-expr","locations":[{"start":{"line":34,"column":51},"end":{"line":34,"column":55}},{"start":{"line":34,"column":58},"end":{"line":34,"column":67}}],"line":34}},"s":{"0":2,"1":0,"2":0,"3":0,"4":2,"5":0,"6":0,"7":0,"8":0,"9":0,"10":0,"11":0,"12":0,"13":0,"14":0,"15":0,"16":0,"17":0},"f":{"0":0,"1":0,"2":0},"b":{"0":[0,0],"1":[0,0],"2":[0,0],"3":[0,0],"4":[0,0],"5":[0,0]},"inputSourceMap":null,"_coverageSchema":"1a1c01bbd47fc00a2c39e90264f33305004495a9","hash":"f19fe95320a9613a492141b20090f488db525e04"}
,"/Users/rahulkpkurup/Learning/Git-Portfolio/Projects/TaskFlow/server/models/notis.js": {"path":"/Users/rahulkpkurup/Learning/Git-Portfolio/Projects/TaskFlow/server/models/notis.js","statementMap":{"0":{"start":{"line":3,"column":21},"end":{"line":16,"column":1}},"1":{"start":{"line":18,"column":15},"end":{"line":18,"column":53}}},"fnMap":{},"branchMap":{},"s":{"0":2,"1":2},"f":{},"b":{},"inputSourceMap":null,"_coverageSchema":"1a1c01bbd47fc00a2c39e90264f33305004495a9","hash":"cc59efd053425545788ef8225f0a79362b727142"}
,"/Users/rahulkpkurup/Learning/Git-Portfolio/Projects/TaskFlow/server/models/taskModel.js": {"path":"/Users/rahulkpkurup/Learning/Git-Portfolio/Projects/TaskFlow/server/models/taskModel.js","statementMap":{"0":{"start":{"line":3,"column":19},"end":{"line":51,"column":1}},"1":{"start":{"line":53,"column":13},"end":{"line":53,"column":47}}},"fnMap":{},"branchMap":{},"s":{"0":2,"1":2},"f":{},"b":{},"inputSourceMap":null,"_coverageSchema":"1a1c01bbd47fc00a2c39e90264f33305004495a9","hash":"a45fb6c53620cdf72be470d829c021a6fd394d57"}
,"/Users/rahulkpkurup/Learning/Git-Portfolio/Projects/TaskFlow/server/models/userModel.js": {"path":"/Users/rahulkpkurup/Learning/Git-Portfolio/Projects/TaskFlow/server/models/userModel.js","statementMap":{"0":{"start":{"line":4,"column":19},"end":{"line":22,"column":1}},"1":{"start":{"line":24,"column":0},"end":{"line":31,"column":3}},"2":{"start":{"line":25,"column":2},"end":{"line":27,"column":3}},"3":{"start":{"line":26,"column":4},"end":{"line":26,"column":18}},"4":{"start":{"line":28,"column":15},"end":{"line":28,"column":39}},"5":{"start":{"line":29,"column":2},"end":{"line":29,"column":57}},"6":{"start":{"line":30,"column":2},"end":{"line":30,"column":9}},"7":{"start":{"line":33,"column":0},"end":{"line":35,"column":2}},"8":{"start":{"line":34,"column":2},"end":{"line":34,"column":62}},"9":{"start":{"line":37,"column":13},"end":{"line":37,"column":47}}},"fnMap":{"0":{"name":"(anonymous_0)","decl":{"start":{"line":24,"column":23},"end":{"line":24,"column":24}},"loc":{"start":{"line":24,"column":45},"end":{"line":31,"column":1}},"line":24},"1":{"name":"(anonymous_1)","decl":{"start":{"line":33,"column":35},"end":{"line":33,"column":36}},"loc":{"start":{"line":33,"column":68},"end":{"line":35,"column":1}},"line":33}},"branchMap":{"0":{"loc":{"start":{"line":25,"column":2},"end":{"line":27,"column":3}},"type":"if","locations":[{"start":{"line":25,"column":2},"end":{"line":27,"column":3}},{"start":{},"end":{}}],"line":25}},"s":{"0":2,"1":2,"2":9,"3":0,"4":9,"5":9,"6":9,"7":2,"8":6,"9":2},"f":{"0":9,"1":6},"b":{"0":[0,9]},"inputSourceMap":null,"_coverageSchema":"1a1c01bbd47fc00a2c39e90264f33305004495a9","hash":"95f8a0cb4bc5107fb8d48025eb8c613acf8d3cc7"}
,"/Users/rahulkpkurup/Learning/Git-Portfolio/Projects/TaskFlow/server/utils/connectDB.js": {"path":"/Users/rahulkpkurup/Learning/Git-Portfolio/Projects/TaskFlow/server/utils/connectDB.js","statementMap":{"0":{"start":{"line":16,"column":21},"end":{"line":37,"column":1}},"1":{"start":{"line":17,"column":2},"end":{"line":36,"column":3}},"2":{"start":{"line":19,"column":4},"end":{"line":21,"column":5}},"3":{"start":{"line":20,"column":6},"end":{"line":20,"column":13}},"4":{"start":{"line":24,"column":4},"end":{"line":26,"column":5}},"5":{"start":{"line":25,"column":6},"end":{"line":25,"column":13}},"6":{"start":{"line":28,"column":17},"end":{"line":28,"column":64}},"7":{"start":{"line":29,"column":4},"end":{"line":29,"column":65}},"8":{"start":{"line":31,"column":4},"end":{"line":31,"column":61}},"9":{"start":{"line":33,"column":4},"end":{"line":35,"column":5}},"10":{"start":{"line":34,"column":6},"end":{"line":34,"column":22}}},"fnMap":{"0":{"name":"(anonymous_0)","decl":{"start":{"line":16,"column":21},"end":{"line":16,"column":22}},"loc":{"start":{"line":16,"column":33},"end":{"line":37,"column":1}},"line":16}},"branchMap":{"0":{"loc":{"start":{"line":19,"column":4},"end":{"line":21,"column":5}},"type":"if","locations":[{"start":{"line":19,"column":4},"end":{"line":21,"column":5}},{"start":{},"end":{}}],"line":19},"1":{"loc":{"start":{"line":24,"column":4},"end":{"line":26,"column":5}},"type":"if","locations":[{"start":{"line":24,"column":4},"end":{"line":26,"column":5}},{"start":{},"end":{}}],"line":24},"2":{"loc":{"start":{"line":33,"column":4},"end":{"line":35,"column":5}},"type":"if","locations":[{"start":{"line":33,"column":4},"end":{"line":35,"column":5}},{"start":{},"end":{}}],"line":33}},"s":{"0":2,"1":0,"2":0,"3":0,"4":0,"5":0,"6":0,"7":0,"8":0,"9":0,"10":0},"f":{"0":0},"b":{"0":[0,0],"1":[0,0],"2":[0,0]},"inputSourceMap":null,"_coverageSchema":"1a1c01bbd47fc00a2c39e90264f33305004495a9","hash":"acf167da1b8b8ea278ffe66a0f6a2e690f9dd20b"}
,"/Users/rahulkpkurup/Learning/Git-Portfolio/Projects/TaskFlow/server/utils/index.js": {"path":"/Users/rahulkpkurup/Learning/Git-Portfolio/Projects/TaskFlow/server/utils/index.js","statementMap":{"0":{"start":{"line":3,"column":18},"end":{"line":16,"column":1}},"1":{"start":{"line":4,"column":16},"end":{"line":6,"column":4}},"2":{"start":{"line":8,"column":2},"end":{"line":13,"column":5}},"3":{"start":{"line":15,"column":2},"end":{"line":15,"column":15}}},"fnMap":{"0":{"name":"(anonymous_0)","decl":{"start":{"line":3,"column":18},"end":{"line":3,"column":19}},"loc":{"start":{"line":3,"column":35},"end":{"line":16,"column":1}},"line":3}},"branchMap":{"0":{"loc":{"start":{"line":11,"column":14},"end":{"line":11,"column":68}},"type":"cond-expr","locations":[{"start":{"line":11,"column":54},"end":{"line":11,"column":60}},{"start":{"line":11,"column":63},"end":{"line":11,"column":68}}],"line":11}},"s":{"0":2,"1":8,"2":8,"3":8},"f":{"0":8},"b":{"0":[0,8]},"inputSourceMap":null,"_coverageSchema":"1a1c01bbd47fc00a2c39e90264f33305004495a9","hash":"90b113f6b8be016b68138eb888d23759a5fb42ac"}
}
