TN:
SF:controllers/taskController.js
FN:7,(anonymous_0)
FN:25,(anonymous_1)
FN:55,(anonymous_2)
FN:96,(anonymous_3)
FN:108,(anonymous_4)
FN:128,(anonymous_5)
FN:147,(anonymous_6)
FN:172,(anonymous_7)
FN:197,(anonymous_8)
FN:225,(anonymous_9)
FN:240,(anonymous_10)
FN:260,(anonymous_11)
FN:278,(anonymous_12)
FN:305,(anonymous_13)
FN:321,(anonymous_14)
FN:327,(anonymous_15)
FN:331,(anonymous_16)
FNF:17
FNH:10
FNDA:1,(anonymous_0)
FNDA:0,(anonymous_1)
FNDA:0,(anonymous_2)
FNDA:1,(anonymous_3)
FNDA:0,(anonymous_4)
FNDA:1,(anonymous_5)
FNDA:0,(anonymous_6)
FNDA:1,(anonymous_7)
FNDA:1,(anonymous_8)
FNDA:1,(anonymous_9)
FNDA:1,(anonymous_10)
FNDA:2,(anonymous_11)
FNDA:2,(anonymous_12)
FNDA:1,(anonymous_13)
FNDA:0,(anonymous_14)
FNDA:0,(anonymous_15)
FNDA:0,(anonymous_16)
DA:7,2
DA:8,1
DA:10,1
DA:12,1
DA:13,0
DA:18,1
DA:19,1
DA:20,0
DA:22,1
DA:24,1
DA:25,1
DA:27,1
DA:39,1
DA:42,1
DA:43,0
DA:49,1
DA:55,2
DA:56,0
DA:57,0
DA:59,0
DA:61,0
DA:62,0
DA:67,0
DA:68,0
DA:69,0
DA:71,0
DA:73,0
DA:75,0
DA:88,0
DA:90,0
DA:96,2
DA:97,1
DA:99,1
DA:101,1
DA:103,1
DA:104,0
DA:107,1
DA:108,0
DA:111,1
DA:112,1
DA:113,1
DA:114,1
DA:115,1
DA:116,1
DA:117,1
DA:118,1
DA:120,1
DA:122,1
DA:128,2
DA:129,1
DA:130,1
DA:132,1
DA:134,1
DA:135,0
DA:138,1
DA:139,1
DA:141,1
DA:147,2
DA:148,0
DA:149,0
DA:151,0
DA:157,0
DA:158,0
DA:163,0
DA:172,2
DA:173,1
DA:174,1
DA:176,1
DA:177,0
DA:182,1
DA:184,1
DA:185,0
DA:188,1
DA:189,1
DA:191,1
DA:197,2
DA:198,1
DA:199,1
DA:201,1
DA:203,1
DA:204,0
DA:206,1
DA:207,0
DA:209,1
DA:210,0
DA:217,1
DA:221,1
DA:225,2
DA:226,1
DA:228,1
DA:232,1
DA:233,0
DA:236,1
DA:240,2
DA:241,1
DA:242,1
DA:243,1
DA:245,1
DA:247,1
DA:248,0
DA:251,1
DA:252,1
DA:254,1
DA:260,2
DA:261,2
DA:263,2
DA:265,2
DA:266,0
DA:269,2
DA:270,2
DA:272,2
DA:278,2
DA:279,2
DA:280,2
DA:282,2
DA:283,2
DA:284,0
DA:289,2
DA:290,1
DA:291,1
DA:292,0
DA:293,1
DA:294,1
DA:295,0
DA:296,0
DA:299,2
DA:305,2
DA:306,1
DA:308,1
DA:312,1
DA:316,1
DA:321,1
DA:322,0
DA:323,0
DA:326,1
DA:328,0
DA:329,0
DA:331,0
DA:333,1
LF:139
LH:97
BRDA:12,0,0,0
BRDA:12,0,1,1
BRDA:19,1,0,0
BRDA:19,1,1,1
BRDA:25,2,0,0
BRDA:25,2,1,1
BRDA:30,3,0,1
BRDA:30,3,1,0
BRDA:32,4,0,1
BRDA:32,4,1,0
BRDA:33,5,0,1
BRDA:33,5,1,1
BRDA:36,6,0,1
BRDA:36,6,1,0
BRDA:42,7,0,0
BRDA:42,7,1,1
BRDA:61,8,0,0
BRDA:61,8,1,0
BRDA:68,9,0,0
BRDA:68,9,1,0
BRDA:103,10,0,0
BRDA:103,10,1,1
BRDA:107,11,0,0
BRDA:107,11,1,1
BRDA:111,12,0,1
BRDA:111,12,1,0
BRDA:112,13,0,1
BRDA:112,13,1,0
BRDA:113,14,0,1
BRDA:113,14,1,0
BRDA:114,15,0,1
BRDA:114,15,1,1
BRDA:115,16,0,1
BRDA:115,16,1,0
BRDA:116,17,0,1
BRDA:116,17,1,0
BRDA:118,18,0,1
BRDA:118,18,1,0
BRDA:134,19,0,0
BRDA:134,19,1,1
BRDA:157,20,0,0
BRDA:157,20,1,0
BRDA:165,21,0,0
BRDA:165,21,1,0
BRDA:176,22,0,0
BRDA:176,22,1,1
BRDA:184,23,0,0
BRDA:184,23,1,1
BRDA:203,24,0,0
BRDA:203,24,1,1
BRDA:206,25,0,0
BRDA:206,25,1,1
BRDA:209,26,0,0
BRDA:209,26,1,1
BRDA:232,27,0,0
BRDA:232,27,1,1
BRDA:247,28,0,0
BRDA:247,28,1,1
BRDA:265,29,0,0
BRDA:265,29,1,2
BRDA:283,30,0,0
BRDA:283,30,1,2
BRDA:289,31,0,1
BRDA:289,31,1,1
BRDA:291,32,0,0
BRDA:291,32,1,1
BRDA:293,33,0,1
BRDA:293,33,1,0
BRDA:295,34,0,0
BRDA:295,34,1,0
BRDA:308,35,0,1
BRDA:308,35,1,0
BRDA:322,36,0,0
BRDA:322,36,1,0
BRDA:328,37,0,0
BRDA:328,37,1,0
BRDA:337,38,0,1
BRDA:337,38,1,0
BRF:78
BRH:35
end_of_record
TN:
SF:controllers/userController.js
FN:7,(anonymous_0)
FN:46,(anonymous_1)
FN:84,(anonymous_2)
FN:93,(anonymous_3)
FN:115,(anonymous_4)
FN:129,(anonymous_5)
FN:138,(anonymous_6)
FN:162,(anonymous_7)
FN:191,(anonymous_8)
FN:210,(anonymous_9)
FN:237,(anonymous_10)
FNF:11
FNH:3
FNDA:5,(anonymous_0)
FNDA:9,(anonymous_1)
FNDA:1,(anonymous_2)
FNDA:0,(anonymous_3)
FNDA:0,(anonymous_4)
FNDA:0,(anonymous_5)
FNDA:0,(anonymous_6)
FNDA:0,(anonymous_7)
FNDA:0,(anonymous_8)
FNDA:0,(anonymous_9)
FNDA:0,(anonymous_10)
DA:7,2
DA:8,5
DA:10,5
DA:11,0
DA:16,5
DA:18,5
DA:19,1
DA:24,4
DA:25,0
DA:31,4
DA:33,4
DA:34,1
DA:39,3
DA:41,3
DA:42,3
DA:46,2
DA:47,9
DA:49,9
DA:50,1
DA:55,8
DA:57,8
DA:58,1
DA:63,7
DA:72,7
DA:73,7
DA:74,5
DA:76,7
DA:77,7
DA:79,0
DA:84,2
DA:85,1
DA:89,1
DA:93,2
DA:94,0
DA:95,0
DA:97,0
DA:98,0
DA:108,0
DA:111,0
DA:115,2
DA:116,0
DA:118,0
DA:125,0
DA:129,2
DA:130,0
DA:134,0
DA:138,2
DA:139,0
DA:140,0
DA:142,0
DA:143,0
DA:147,0
DA:148,0
DA:153,0
DA:158,0
DA:162,2
DA:163,0
DA:164,0
DA:168,0
DA:170,0
DA:172,0
DA:173,0
DA:176,0
DA:177,0
DA:178,0
DA:180,0
DA:181,0
DA:183,0
DA:191,2
DA:192,0
DA:194,0
DA:196,0
DA:197,0
DA:200,0
DA:201,0
DA:203,0
DA:210,2
DA:211,0
DA:212,0
DA:214,0
DA:215,0
DA:221,0
DA:223,0
DA:224,0
DA:227,0
DA:228,0
DA:230,0
DA:237,2
DA:238,0
DA:240,0
DA:242,0
DA:243,0
DA:246,0
LF:93
LH:37
BRDA:10,0,0,0
BRDA:10,0,1,5
BRDA:10,1,0,5
BRDA:10,1,1,5
BRDA:18,2,0,1
BRDA:18,2,1,4
BRDA:24,3,0,0
BRDA:24,3,1,4
BRDA:33,4,0,1
BRDA:33,4,1,3
BRDA:49,5,0,1
BRDA:49,5,1,8
BRDA:49,6,0,9
BRDA:49,6,1,9
BRDA:49,6,2,8
BRDA:49,6,3,8
BRDA:49,6,4,8
BRDA:57,7,0,1
BRDA:57,7,1,7
BRDA:67,8,0,7
BRDA:67,8,1,2
BRDA:72,9,0,7
BRDA:72,9,1,0
BRDA:73,10,0,5
BRDA:73,10,1,2
BRDA:97,11,0,0
BRDA:97,11,1,0
BRDA:142,12,0,0
BRDA:142,12,1,0
BRDA:147,13,0,0
BRDA:147,13,1,0
BRDA:168,14,0,0
BRDA:168,14,1,0
BRDA:168,15,0,0
BRDA:168,15,1,0
BRDA:168,15,2,0
BRDA:172,16,0,0
BRDA:172,16,1,0
BRDA:176,17,0,0
BRDA:176,17,1,0
BRDA:177,18,0,0
BRDA:177,18,1,0
BRDA:178,19,0,0
BRDA:178,19,1,0
BRDA:196,20,0,0
BRDA:196,20,1,0
BRDA:205,21,0,0
BRDA:205,21,1,0
BRDA:214,22,0,0
BRDA:214,22,1,0
BRDA:214,23,0,0
BRDA:214,23,1,0
BRDA:223,24,0,0
BRDA:223,24,1,0
BRDA:242,25,0,0
BRDA:242,25,1,0
BRF:56
BRH:22
end_of_record
TN:
SF:middleware/authMiddleware.js
FN:5,(anonymous_0)
FN:48,(anonymous_1)
FNF:2
FNH:2
FNDA:14,(anonymous_0)
FNDA:7,(anonymous_1)
DA:5,2
DA:6,14
DA:8,14
DA:9,1
DA:14,13
DA:15,13
DA:16,13
DA:20,13
DA:21,0
DA:26,13
DA:27,0
DA:33,13
DA:39,13
DA:41,0
DA:48,2
DA:49,7
DA:50,6
DA:52,1
LF:18
LH:15
BRDA:8,0,0,1
BRDA:8,0,1,13
BRDA:20,1,0,0
BRDA:20,1,1,13
BRDA:26,2,0,0
BRDA:26,2,1,13
BRDA:49,3,0,6
BRDA:49,3,1,1
BRDA:49,4,0,7
BRDA:49,4,1,7
BRF:10
BRH:8
end_of_record
TN:
SF:middleware/errorMiddleware.js
FN:1,(anonymous_0)
FN:7,(anonymous_1)
FN:27,(anonymous_2)
FNF:3
FNH:0
FNDA:0,(anonymous_0)
FNDA:0,(anonymous_1)
FNDA:0,(anonymous_2)
DA:1,2
DA:2,0
DA:3,0
DA:4,0
DA:7,2
DA:8,0
DA:9,0
DA:12,0
DA:13,0
DA:14,0
DA:18,0
DA:19,0
DA:20,0
DA:24,0
DA:25,0
DA:26,0
DA:27,0
DA:31,0
LF:18
LH:2
BRDA:8,0,0,0
BRDA:8,0,1,0
BRDA:12,1,0,0
BRDA:12,1,1,0
BRDA:12,2,0,0
BRDA:12,2,1,0
BRDA:18,3,0,0
BRDA:18,3,1,0
BRDA:24,4,0,0
BRDA:24,4,1,0
BRDA:34,5,0,0
BRDA:34,5,1,0
BRF:12
BRH:0
end_of_record
TN:
SF:models/notis.js
FNF:0
FNH:0
DA:3,2
DA:18,2
LF:2
LH:2
BRF:0
BRH:0
end_of_record
TN:
SF:models/taskModel.js
FNF:0
FNH:0
DA:3,2
DA:53,2
LF:2
LH:2
BRF:0
BRH:0
end_of_record
TN:
SF:models/userModel.js
FN:24,(anonymous_0)
FN:33,(anonymous_1)
FNF:2
FNH:2
FNDA:9,(anonymous_0)
FNDA:6,(anonymous_1)
DA:4,2
DA:24,2
DA:25,9
DA:26,0
DA:28,9
DA:29,9
DA:30,9
DA:33,2
DA:34,6
DA:37,2
LF:10
LH:9
BRDA:25,0,0,0
BRDA:25,0,1,9
BRF:2
BRH:1
end_of_record
TN:
SF:utils/connectDB.js
FN:16,(anonymous_0)
FNF:1
FNH:0
FNDA:0,(anonymous_0)
DA:16,2
DA:17,0
DA:19,0
DA:20,0
DA:24,0
DA:25,0
DA:28,0
DA:29,0
DA:31,0
DA:33,0
DA:34,0
LF:11
LH:1
BRDA:19,0,0,0
BRDA:19,0,1,0
BRDA:24,1,0,0
BRDA:24,1,1,0
BRDA:33,2,0,0
BRDA:33,2,1,0
BRF:6
BRH:0
end_of_record
TN:
SF:utils/index.js
FN:3,(anonymous_0)
FNF:1
FNH:1
FNDA:8,(anonymous_0)
DA:3,2
DA:4,8
DA:8,8
DA:15,8
LF:4
LH:4
BRDA:11,0,0,0
BRDA:11,0,1,8
BRF:2
BRH:1
end_of_record
